{"/Users/satwikpattanaik/CascadeProjects/stock-market-platform/frontend/src/contexts/AuthContext.js": {"path":"/Users/satwikpattanaik/CascadeProjects/stock-market-platform/frontend/src/contexts/AuthContext.js","statementMap":{"0":{"start":{"line":6,"column":22},"end":{"line":12,"column":2}},"1":{"start":{"line":15,"column":0},"end":{"line":29,"column":2}},"2":{"start":{"line":17,"column":8},"end":{"line":22,"column":11}},"3":{"start":{"line":23,"column":8},"end":{"line":23,"column":22}},"4":{"start":{"line":26,"column":8},"end":{"line":26,"column":47}},"5":{"start":{"line":27,"column":8},"end":{"line":27,"column":37}},"6":{"start":{"line":32,"column":0},"end":{"line":38,"column":2}},"7":{"start":{"line":33,"column":16},"end":{"line":33,"column":24}},"8":{"start":{"line":35,"column":8},"end":{"line":35,"column":51}},"9":{"start":{"line":36,"column":8},"end":{"line":36,"column":37}},"10":{"start":{"line":40,"column":20},"end":{"line":40,"column":39}},"11":{"start":{"line":42,"column":28},"end":{"line":162,"column":1}},"12":{"start":{"line":43,"column":28},"end":{"line":43,"column":42}},"13":{"start":{"line":44,"column":34},"end":{"line":44,"column":48}},"14":{"start":{"line":45,"column":30},"end":{"line":45,"column":69}},"15":{"start":{"line":47,"column":4},"end":{"line":74,"column":16}},"16":{"start":{"line":48,"column":26},"end":{"line":66,"column":9}},"17":{"start":{"line":49,"column":12},"end":{"line":65,"column":13}},"18":{"start":{"line":50,"column":33},"end":{"line":55,"column":18}},"19":{"start":{"line":56,"column":16},"end":{"line":56,"column":44}},"20":{"start":{"line":58,"column":16},"end":{"line":58,"column":61}},"21":{"start":{"line":59,"column":16},"end":{"line":59,"column":49}},"22":{"start":{"line":60,"column":16},"end":{"line":60,"column":31}},"23":{"start":{"line":61,"column":16},"end":{"line":61,"column":30}},"24":{"start":{"line":62,"column":16},"end":{"line":62,"column":70}},"25":{"start":{"line":64,"column":16},"end":{"line":64,"column":34}},"26":{"start":{"line":68,"column":8},"end":{"line":73,"column":9}},"27":{"start":{"line":69,"column":12},"end":{"line":69,"column":79}},"28":{"start":{"line":70,"column":12},"end":{"line":70,"column":24}},"29":{"start":{"line":72,"column":12},"end":{"line":72,"column":30}},"30":{"start":{"line":76,"column":18},"end":{"line":96,"column":5}},"31":{"start":{"line":77,"column":8},"end":{"line":95,"column":9}},"32":{"start":{"line":78,"column":12},"end":{"line":78,"column":51}},"33":{"start":{"line":79,"column":29},"end":{"line":79,"column":93}},"34":{"start":{"line":81,"column":12},"end":{"line":81,"column":58}},"35":{"start":{"line":82,"column":46},"end":{"line":82,"column":59}},"36":{"start":{"line":84,"column":12},"end":{"line":84,"column":52}},"37":{"start":{"line":85,"column":12},"end":{"line":85,"column":31}},"38":{"start":{"line":86,"column":12},"end":{"line":86,"column":26}},"39":{"start":{"line":88,"column":12},"end":{"line":88,"column":37}},"40":{"start":{"line":90,"column":12},"end":{"line":90,"column":81}},"41":{"start":{"line":91,"column":12},"end":{"line":94,"column":14}},"42":{"start":{"line":98,"column":21},"end":{"line":122,"column":5}},"43":{"start":{"line":99,"column":8},"end":{"line":121,"column":9}},"44":{"start":{"line":100,"column":29},"end":{"line":104,"column":14}},"45":{"start":{"line":106,"column":36},"end":{"line":106,"column":49}},"46":{"start":{"line":107,"column":12},"end":{"line":109,"column":13}},"47":{"start":{"line":108,"column":16},"end":{"line":108,"column":53}},"48":{"start":{"line":111,"column":12},"end":{"line":111,"column":49}},"49":{"start":{"line":112,"column":12},"end":{"line":112,"column":79}},"50":{"start":{"line":113,"column":12},"end":{"line":113,"column":26}},"51":{"start":{"line":114,"column":12},"end":{"line":114,"column":37}},"52":{"start":{"line":116,"column":12},"end":{"line":116,"column":52}},"53":{"start":{"line":117,"column":12},"end":{"line":120,"column":14}},"54":{"start":{"line":124,"column":19},"end":{"line":128,"column":5}},"55":{"start":{"line":125,"column":8},"end":{"line":125,"column":41}},"56":{"start":{"line":126,"column":8},"end":{"line":126,"column":62}},"57":{"start":{"line":127,"column":8},"end":{"line":127,"column":22}},"58":{"start":{"line":130,"column":28},"end":{"line":147,"column":5}},"59":{"start":{"line":131,"column":8},"end":{"line":146,"column":9}},"60":{"start":{"line":132,"column":29},"end":{"line":135,"column":14}},"61":{"start":{"line":136,"column":12},"end":{"line":139,"column":16}},"62":{"start":{"line":136,"column":29},"end":{"line":139,"column":13}},"63":{"start":{"line":140,"column":12},"end":{"line":140,"column":37}},"64":{"start":{"line":142,"column":12},"end":{"line":145,"column":14}},"65":{"start":{"line":149,"column":4},"end":{"line":161,"column":6}},"66":{"start":{"line":164,"column":23},"end":{"line":170,"column":1}},"67":{"start":{"line":165,"column":20},"end":{"line":165,"column":43}},"68":{"start":{"line":166,"column":4},"end":{"line":168,"column":5}},"69":{"start":{"line":167,"column":8},"end":{"line":167,"column":71}},"70":{"start":{"line":169,"column":4},"end":{"line":169,"column":19}}},"fnMap":{"0":{"name":"(anonymous_0)","decl":{"start":{"line":16,"column":4},"end":{"line":16,"column":5}},"loc":{"start":{"line":16,"column":14},"end":{"line":24,"column":5}},"line":16},"1":{"name":"(anonymous_1)","decl":{"start":{"line":25,"column":4},"end":{"line":25,"column":5}},"loc":{"start":{"line":25,"column":13},"end":{"line":28,"column":5}},"line":25},"2":{"name":"(anonymous_2)","decl":{"start":{"line":33,"column":4},"end":{"line":33,"column":5}},"loc":{"start":{"line":33,"column":16},"end":{"line":33,"column":24}},"line":33},"3":{"name":"(anonymous_3)","decl":{"start":{"line":34,"column":4},"end":{"line":34,"column":5}},"loc":{"start":{"line":34,"column":13},"end":{"line":37,"column":5}},"line":34},"4":{"name":"(anonymous_4)","decl":{"start":{"line":42,"column":28},"end":{"line":42,"column":29}},"loc":{"start":{"line":42,"column":46},"end":{"line":162,"column":1}},"line":42},"5":{"name":"(anonymous_5)","decl":{"start":{"line":47,"column":14},"end":{"line":47,"column":15}},"loc":{"start":{"line":47,"column":20},"end":{"line":74,"column":5}},"line":47},"6":{"name":"(anonymous_6)","decl":{"start":{"line":48,"column":26},"end":{"line":48,"column":27}},"loc":{"start":{"line":48,"column":38},"end":{"line":66,"column":9}},"line":48},"7":{"name":"(anonymous_7)","decl":{"start":{"line":76,"column":18},"end":{"line":76,"column":19}},"loc":{"start":{"line":76,"column":45},"end":{"line":96,"column":5}},"line":76},"8":{"name":"(anonymous_8)","decl":{"start":{"line":98,"column":21},"end":{"line":98,"column":22}},"loc":{"start":{"line":98,"column":58},"end":{"line":122,"column":5}},"line":98},"9":{"name":"(anonymous_9)","decl":{"start":{"line":124,"column":19},"end":{"line":124,"column":20}},"loc":{"start":{"line":124,"column":25},"end":{"line":128,"column":5}},"line":124},"10":{"name":"(anonymous_10)","decl":{"start":{"line":130,"column":28},"end":{"line":130,"column":29}},"loc":{"start":{"line":130,"column":54},"end":{"line":147,"column":5}},"line":130},"11":{"name":"(anonymous_11)","decl":{"start":{"line":136,"column":20},"end":{"line":136,"column":21}},"loc":{"start":{"line":136,"column":29},"end":{"line":139,"column":13}},"line":136},"12":{"name":"(anonymous_12)","decl":{"start":{"line":164,"column":23},"end":{"line":164,"column":24}},"loc":{"start":{"line":164,"column":29},"end":{"line":170,"column":1}},"line":164}},"branchMap":{"0":{"loc":{"start":{"line":68,"column":8},"end":{"line":73,"column":9}},"type":"if","locations":[{"start":{"line":68,"column":8},"end":{"line":73,"column":9}},{"start":{"line":71,"column":15},"end":{"line":73,"column":9}}],"line":68},"1":{"loc":{"start":{"line":90,"column":42},"end":{"line":90,"column":79}},"type":"binary-expr","locations":[{"start":{"line":90,"column":42},"end":{"line":90,"column":62}},{"start":{"line":90,"column":66},"end":{"line":90,"column":79}}],"line":90},"2":{"loc":{"start":{"line":93,"column":23},"end":{"line":93,"column":67}},"type":"binary-expr","locations":[{"start":{"line":93,"column":23},"end":{"line":93,"column":50}},{"start":{"line":93,"column":54},"end":{"line":93,"column":67}}],"line":93},"3":{"loc":{"start":{"line":107,"column":12},"end":{"line":109,"column":13}},"type":"if","locations":[{"start":{"line":107,"column":12},"end":{"line":109,"column":13}},{"start":{},"end":{}}],"line":107},"4":{"loc":{"start":{"line":119,"column":23},"end":{"line":119,"column":90}},"type":"binary-expr","locations":[{"start":{"line":119,"column":23},"end":{"line":119,"column":50}},{"start":{"line":119,"column":54},"end":{"line":119,"column":67}},{"start":{"line":119,"column":71},"end":{"line":119,"column":90}}],"line":119},"5":{"loc":{"start":{"line":144,"column":23},"end":{"line":144,"column":73}},"type":"binary-expr","locations":[{"start":{"line":144,"column":23},"end":{"line":144,"column":50}},{"start":{"line":144,"column":54},"end":{"line":144,"column":73}}],"line":144},"6":{"loc":{"start":{"line":166,"column":4},"end":{"line":168,"column":5}},"type":"if","locations":[{"start":{"line":166,"column":4},"end":{"line":168,"column":5}},{"start":{},"end":{}}],"line":166}},"s":{"0":1,"1":1,"2":0,"3":0,"4":0,"5":0,"6":1,"7":0,"8":0,"9":0,"10":1,"11":1,"12":22,"13":22,"14":22,"15":22,"16":11,"17":0,"18":0,"19":0,"20":0,"21":0,"22":0,"23":0,"24":0,"25":0,"26":11,"27":0,"28":0,"29":11,"30":22,"31":0,"32":0,"33":0,"34":0,"35":0,"36":0,"37":0,"38":0,"39":0,"40":0,"41":0,"42":22,"43":0,"44":0,"45":0,"46":0,"47":0,"48":0,"49":0,"50":0,"51":0,"52":0,"53":0,"54":22,"55":0,"56":0,"57":0,"58":22,"59":0,"60":0,"61":0,"62":0,"63":0,"64":0,"65":22,"66":1,"67":27,"68":27,"69":0,"70":27},"f":{"0":0,"1":0,"2":0,"3":0,"4":22,"5":11,"6":0,"7":0,"8":0,"9":0,"10":0,"11":0,"12":27},"b":{"0":[0,11],"1":[0,0],"2":[0,0],"3":[0,0],"4":[0,0,0],"5":[0,0],"6":[0,27]},"_coverageSchema":"1a1c01bbd47fc00a2c39e90264f33305004495a9","hash":"2b650dcd5db0b1f777c4207be7968d7356733806"}
,"/Users/satwikpattanaik/CascadeProjects/stock-market-platform/frontend/src/contexts/StockContext.js": {"path":"/Users/satwikpattanaik/CascadeProjects/stock-market-platform/frontend/src/contexts/StockContext.js","statementMap":{"0":{"start":{"line":6,"column":21},"end":{"line":6,"column":36}},"1":{"start":{"line":8,"column":24},"end":{"line":10,"column":1}},"2":{"start":{"line":9,"column":4},"end":{"line":9,"column":36}},"3":{"start":{"line":12,"column":29},"end":{"line":416,"column":1}},"4":{"start":{"line":13,"column":22},"end":{"line":13,"column":31}},"5":{"start":{"line":14,"column":38},"end":{"line":14,"column":50}},"6":{"start":{"line":15,"column":38},"end":{"line":15,"column":57}},"7":{"start":{"line":16,"column":34},"end":{"line":16,"column":46}},"8":{"start":{"line":17,"column":32},"end":{"line":17,"column":44}},"9":{"start":{"line":18,"column":24},"end":{"line":18,"column":38}},"10":{"start":{"line":19,"column":42},"end":{"line":19,"column":61}},"11":{"start":{"line":20,"column":46},"end":{"line":20,"column":58}},"12":{"start":{"line":22,"column":26},"end":{"line":50,"column":15}},"13":{"start":{"line":23,"column":8},"end":{"line":49,"column":9}},"14":{"start":{"line":24,"column":12},"end":{"line":24,"column":62}},"15":{"start":{"line":24,"column":32},"end":{"line":24,"column":59}},"16":{"start":{"line":25,"column":12},"end":{"line":25,"column":61}},"17":{"start":{"line":25,"column":31},"end":{"line":25,"column":58}},"18":{"start":{"line":27,"column":29},"end":{"line":32,"column":14}},"19":{"start":{"line":34,"column":28},"end":{"line":34,"column":46}},"20":{"start":{"line":35,"column":12},"end":{"line":38,"column":15}},"21":{"start":{"line":39,"column":12},"end":{"line":39,"column":34}},"22":{"start":{"line":42,"column":12},"end":{"line":42,"column":33}},"23":{"start":{"line":44,"column":33},"end":{"line":44,"column":92}},"24":{"start":{"line":45,"column":12},"end":{"line":45,"column":69}},"25":{"start":{"line":45,"column":31},"end":{"line":45,"column":66}},"26":{"start":{"line":46,"column":12},"end":{"line":46,"column":24}},"27":{"start":{"line":48,"column":12},"end":{"line":48,"column":63}},"28":{"start":{"line":48,"column":32},"end":{"line":48,"column":60}},"29":{"start":{"line":52,"column":29},"end":{"line":63,"column":15}},"30":{"start":{"line":53,"column":8},"end":{"line":62,"column":9}},"31":{"start":{"line":54,"column":12},"end":{"line":59,"column":15}},"32":{"start":{"line":61,"column":12},"end":{"line":61,"column":64}},"33":{"start":{"line":65,"column":26},"end":{"line":91,"column":48}},"34":{"start":{"line":66,"column":8},"end":{"line":90,"column":9}},"35":{"start":{"line":67,"column":12},"end":{"line":67,"column":63}},"36":{"start":{"line":67,"column":32},"end":{"line":67,"column":60}},"37":{"start":{"line":68,"column":12},"end":{"line":68,"column":62}},"38":{"start":{"line":68,"column":31},"end":{"line":68,"column":59}},"39":{"start":{"line":70,"column":29},"end":{"line":75,"column":14}},"40":{"start":{"line":77,"column":12},"end":{"line":77,"column":50}},"41":{"start":{"line":81,"column":12},"end":{"line":84,"column":13}},"42":{"start":{"line":82,"column":16},"end":{"line":82,"column":47}},"43":{"start":{"line":83,"column":16},"end":{"line":83,"column":44}},"44":{"start":{"line":86,"column":12},"end":{"line":86,"column":61}},"45":{"start":{"line":87,"column":12},"end":{"line":87,"column":84}},"46":{"start":{"line":87,"column":31},"end":{"line":87,"column":81}},"47":{"start":{"line":89,"column":12},"end":{"line":89,"column":64}},"48":{"start":{"line":89,"column":32},"end":{"line":89,"column":61}},"49":{"start":{"line":95,"column":4},"end":{"line":99,"column":31}},"50":{"start":{"line":96,"column":8},"end":{"line":98,"column":9}},"51":{"start":{"line":97,"column":12},"end":{"line":97,"column":28}},"52":{"start":{"line":101,"column":4},"end":{"line":213,"column":20}},"53":{"start":{"line":102,"column":32},"end":{"line":102,"column":33}},"54":{"start":{"line":103,"column":37},"end":{"line":103,"column":38}},"55":{"start":{"line":105,"column":27},"end":{"line":105,"column":32}},"56":{"start":{"line":107,"column":33},"end":{"line":198,"column":9}},"57":{"start":{"line":108,"column":12},"end":{"line":108,"column":37}},"58":{"start":{"line":108,"column":30},"end":{"line":108,"column":37}},"59":{"start":{"line":109,"column":12},"end":{"line":109,"column":32}},"60":{"start":{"line":111,"column":12},"end":{"line":111,"column":67}},"61":{"start":{"line":112,"column":27},"end":{"line":112,"column":53}},"62":{"start":{"line":114,"column":12},"end":{"line":128,"column":14}},"63":{"start":{"line":115,"column":16},"end":{"line":115,"column":64}},"64":{"start":{"line":116,"column":16},"end":{"line":116,"column":37}},"65":{"start":{"line":117,"column":16},"end":{"line":117,"column":38}},"66":{"start":{"line":118,"column":16},"end":{"line":118,"column":30}},"67":{"start":{"line":121,"column":16},"end":{"line":127,"column":17}},"68":{"start":{"line":122,"column":20},"end":{"line":126,"column":24}},"69":{"start":{"line":130,"column":41},"end":{"line":136,"column":13}},"70":{"start":{"line":131,"column":16},"end":{"line":131,"column":70}},"71":{"start":{"line":131,"column":57},"end":{"line":131,"column":70}},"72":{"start":{"line":132,"column":16},"end":{"line":132,"column":82}},"73":{"start":{"line":132,"column":69},"end":{"line":132,"column":82}},"74":{"start":{"line":133,"column":16},"end":{"line":133,"column":80}},"75":{"start":{"line":133,"column":67},"end":{"line":133,"column":80}},"76":{"start":{"line":134,"column":16},"end":{"line":134,"column":81}},"77":{"start":{"line":134,"column":68},"end":{"line":134,"column":81}},"78":{"start":{"line":135,"column":16},"end":{"line":135,"column":28}},"79":{"start":{"line":138,"column":12},"end":{"line":175,"column":14}},"80":{"start":{"line":139,"column":16},"end":{"line":174,"column":17}},"81":{"start":{"line":140,"column":20},"end":{"line":142,"column":21}},"82":{"start":{"line":141,"column":24},"end":{"line":141,"column":83}},"83":{"start":{"line":144,"column":33},"end":{"line":144,"column":55}},"84":{"start":{"line":145,"column":20},"end":{"line":145,"column":69}},"85":{"start":{"line":147,"column":20},"end":{"line":149,"column":21}},"86":{"start":{"line":148,"column":24},"end":{"line":148,"column":83}},"87":{"start":{"line":151,"column":20},"end":{"line":171,"column":21}},"88":{"start":{"line":152,"column":24},"end":{"line":154,"column":25}},"89":{"start":{"line":153,"column":28},"end":{"line":153,"column":76}},"90":{"start":{"line":156,"column":24},"end":{"line":163,"column":27}},"91":{"start":{"line":157,"column":44},"end":{"line":157,"column":57}},"92":{"start":{"line":158,"column":28},"end":{"line":161,"column":31}},"93":{"start":{"line":162,"column":28},"end":{"line":162,"column":43}},"94":{"start":{"line":164,"column":27},"end":{"line":171,"column":21}},"95":{"start":{"line":165,"column":24},"end":{"line":167,"column":25}},"96":{"start":{"line":166,"column":28},"end":{"line":166,"column":76}},"97":{"start":{"line":168,"column":24},"end":{"line":168,"column":79}},"98":{"start":{"line":170,"column":24},"end":{"line":170,"column":78}},"99":{"start":{"line":173,"column":20},"end":{"line":173,"column":80}},"100":{"start":{"line":177,"column":12},"end":{"line":180,"column":14}},"101":{"start":{"line":178,"column":16},"end":{"line":178,"column":57}},"102":{"start":{"line":179,"column":16},"end":{"line":179,"column":37}},"103":{"start":{"line":182,"column":12},"end":{"line":197,"column":14}},"104":{"start":{"line":183,"column":16},"end":{"line":183,"column":75}},"105":{"start":{"line":184,"column":16},"end":{"line":184,"column":37}},"106":{"start":{"line":185,"column":16},"end":{"line":185,"column":28}},"107":{"start":{"line":187,"column":16},"end":{"line":196,"column":17}},"108":{"start":{"line":188,"column":34},"end":{"line":188,"column":88}},"109":{"start":{"line":189,"column":20},"end":{"line":189,"column":124}},"110":{"start":{"line":190,"column":20},"end":{"line":193,"column":30}},"111":{"start":{"line":191,"column":24},"end":{"line":191,"column":44}},"112":{"start":{"line":192,"column":24},"end":{"line":192,"column":43}},"113":{"start":{"line":195,"column":20},"end":{"line":195,"column":71}},"114":{"start":{"line":200,"column":8},"end":{"line":202,"column":9}},"115":{"start":{"line":201,"column":12},"end":{"line":201,"column":31}},"116":{"start":{"line":204,"column":8},"end":{"line":212,"column":10}},"117":{"start":{"line":205,"column":12},"end":{"line":205,"column":33}},"118":{"start":{"line":206,"column":12},"end":{"line":208,"column":13}},"119":{"start":{"line":207,"column":16},"end":{"line":207,"column":55}},"120":{"start":{"line":209,"column":12},"end":{"line":211,"column":13}},"121":{"start":{"line":210,"column":16},"end":{"line":210,"column":47}},"122":{"start":{"line":216,"column":4},"end":{"line":234,"column":16}},"123":{"start":{"line":218,"column":28},"end":{"line":228,"column":9}},"124":{"start":{"line":220,"column":16},"end":{"line":222,"column":17}},"125":{"start":{"line":221,"column":20},"end":{"line":221,"column":69}},"126":{"start":{"line":223,"column":16},"end":{"line":223,"column":30}},"127":{"start":{"line":226,"column":16},"end":{"line":226,"column":45}},"128":{"start":{"line":231,"column":8},"end":{"line":233,"column":10}},"129":{"start":{"line":232,"column":12},"end":{"line":232,"column":58}},"130":{"start":{"line":236,"column":33},"end":{"line":247,"column":5}},"131":{"start":{"line":237,"column":8},"end":{"line":246,"column":9}},"132":{"start":{"line":238,"column":12},"end":{"line":243,"column":15}},"133":{"start":{"line":245,"column":12},"end":{"line":245,"column":68}},"134":{"start":{"line":249,"column":27},"end":{"line":251,"column":5}},"135":{"start":{"line":250,"column":8},"end":{"line":250,"column":46}},"136":{"start":{"line":253,"column":32},"end":{"line":255,"column":5}},"137":{"start":{"line":254,"column":8},"end":{"line":254,"column":49}},"138":{"start":{"line":257,"column":28},"end":{"line":297,"column":5}},"139":{"start":{"line":258,"column":8},"end":{"line":296,"column":9}},"140":{"start":{"line":259,"column":12},"end":{"line":259,"column":77}},"141":{"start":{"line":259,"column":32},"end":{"line":259,"column":74}},"142":{"start":{"line":260,"column":12},"end":{"line":260,"column":76}},"143":{"start":{"line":260,"column":31},"end":{"line":260,"column":73}},"144":{"start":{"line":262,"column":29},"end":{"line":270,"column":14}},"145":{"start":{"line":272,"column":12},"end":{"line":272,"column":50}},"146":{"start":{"line":274,"column":12},"end":{"line":287,"column":13}},"147":{"start":{"line":275,"column":16},"end":{"line":275,"column":47}},"148":{"start":{"line":277,"column":16},"end":{"line":277,"column":44}},"149":{"start":{"line":279,"column":16},"end":{"line":279,"column":51}},"150":{"start":{"line":281,"column":16},"end":{"line":285,"column":19}},"151":{"start":{"line":282,"column":36},"end":{"line":282,"column":49}},"152":{"start":{"line":283,"column":20},"end":{"line":283,"column":43}},"153":{"start":{"line":284,"column":20},"end":{"line":284,"column":35}},"154":{"start":{"line":289,"column":12},"end":{"line":289,"column":33}},"155":{"start":{"line":291,"column":33},"end":{"line":291,"column":92}},"156":{"start":{"line":292,"column":12},"end":{"line":292,"column":84}},"157":{"start":{"line":292,"column":31},"end":{"line":292,"column":81}},"158":{"start":{"line":293,"column":12},"end":{"line":293,"column":24}},"159":{"start":{"line":295,"column":12},"end":{"line":295,"column":78}},"160":{"start":{"line":295,"column":32},"end":{"line":295,"column":75}},"161":{"start":{"line":300,"column":26},"end":{"line":306,"column":5}},"162":{"start":{"line":301,"column":8},"end":{"line":305,"column":11}},"163":{"start":{"line":302,"column":30},"end":{"line":302,"column":43}},"164":{"start":{"line":303,"column":12},"end":{"line":303,"column":56}},"165":{"start":{"line":304,"column":12},"end":{"line":304,"column":29}},"166":{"start":{"line":309,"column":29},"end":{"line":315,"column":5}},"167":{"start":{"line":310,"column":8},"end":{"line":314,"column":11}},"168":{"start":{"line":311,"column":30},"end":{"line":311,"column":43}},"169":{"start":{"line":312,"column":12},"end":{"line":312,"column":37}},"170":{"start":{"line":313,"column":12},"end":{"line":313,"column":29}},"171":{"start":{"line":318,"column":28},"end":{"line":328,"column":5}},"172":{"start":{"line":319,"column":8},"end":{"line":327,"column":24}},"173":{"start":{"line":319,"column":33},"end":{"line":327,"column":22}},"174":{"start":{"line":331,"column":30},"end":{"line":333,"column":5}},"175":{"start":{"line":332,"column":8},"end":{"line":332,"column":64}},"176":{"start":{"line":332,"column":33},"end":{"line":332,"column":62}},"177":{"start":{"line":332,"column":50},"end":{"line":332,"column":61}},"178":{"start":{"line":336,"column":34},"end":{"line":338,"column":5}},"179":{"start":{"line":337,"column":8},"end":{"line":337,"column":29}},"180":{"start":{"line":341,"column":30},"end":{"line":362,"column":5}},"181":{"start":{"line":342,"column":8},"end":{"line":361,"column":9}},"182":{"start":{"line":343,"column":12},"end":{"line":343,"column":75}},"183":{"start":{"line":343,"column":32},"end":{"line":343,"column":72}},"184":{"start":{"line":344,"column":12},"end":{"line":344,"column":74}},"185":{"start":{"line":344,"column":31},"end":{"line":344,"column":71}},"186":{"start":{"line":346,"column":29},"end":{"line":352,"column":14}},"187":{"start":{"line":354,"column":12},"end":{"line":354,"column":33}},"188":{"start":{"line":356,"column":33},"end":{"line":356,"column":97}},"189":{"start":{"line":357,"column":12},"end":{"line":357,"column":82}},"190":{"start":{"line":357,"column":31},"end":{"line":357,"column":79}},"191":{"start":{"line":358,"column":12},"end":{"line":358,"column":24}},"192":{"start":{"line":360,"column":12},"end":{"line":360,"column":76}},"193":{"start":{"line":360,"column":32},"end":{"line":360,"column":73}},"194":{"start":{"line":365,"column":4},"end":{"line":387,"column":20}},"195":{"start":{"line":366,"column":8},"end":{"line":386,"column":9}},"196":{"start":{"line":367,"column":26},"end":{"line":367,"column":49}},"197":{"start":{"line":368,"column":12},"end":{"line":385,"column":13}},"198":{"start":{"line":369,"column":57},"end":{"line":369,"column":62}},"199":{"start":{"line":370,"column":37},"end":{"line":370,"column":47}},"200":{"start":{"line":372,"column":16},"end":{"line":384,"column":17}},"201":{"start":{"line":373,"column":20},"end":{"line":376,"column":22}},"202":{"start":{"line":377,"column":20},"end":{"line":377,"column":45}},"203":{"start":{"line":378,"column":23},"end":{"line":384,"column":17}},"204":{"start":{"line":379,"column":20},"end":{"line":382,"column":22}},"205":{"start":{"line":383,"column":20},"end":{"line":383,"column":45}},"206":{"start":{"line":389,"column":18},"end":{"line":409,"column":5}},"207":{"start":{"line":411,"column":4},"end":{"line":415,"column":6}}},"fnMap":{"0":{"name":"(anonymous_0)","decl":{"start":{"line":8,"column":24},"end":{"line":8,"column":25}},"loc":{"start":{"line":8,"column":30},"end":{"line":10,"column":1}},"line":8},"1":{"name":"(anonymous_1)","decl":{"start":{"line":12,"column":29},"end":{"line":12,"column":30}},"loc":{"start":{"line":12,"column":47},"end":{"line":416,"column":1}},"line":12},"2":{"name":"(anonymous_2)","decl":{"start":{"line":22,"column":44},"end":{"line":22,"column":45}},"loc":{"start":{"line":22,"column":62},"end":{"line":50,"column":5}},"line":22},"3":{"name":"(anonymous_3)","decl":{"start":{"line":24,"column":23},"end":{"line":24,"column":24}},"loc":{"start":{"line":24,"column":32},"end":{"line":24,"column":59}},"line":24},"4":{"name":"(anonymous_4)","decl":{"start":{"line":25,"column":22},"end":{"line":25,"column":23}},"loc":{"start":{"line":25,"column":31},"end":{"line":25,"column":58}},"line":25},"5":{"name":"(anonymous_5)","decl":{"start":{"line":45,"column":22},"end":{"line":45,"column":23}},"loc":{"start":{"line":45,"column":31},"end":{"line":45,"column":66}},"line":45},"6":{"name":"(anonymous_6)","decl":{"start":{"line":48,"column":23},"end":{"line":48,"column":24}},"loc":{"start":{"line":48,"column":32},"end":{"line":48,"column":60}},"line":48},"7":{"name":"(anonymous_7)","decl":{"start":{"line":52,"column":47},"end":{"line":52,"column":48}},"loc":{"start":{"line":52,"column":65},"end":{"line":63,"column":5}},"line":52},"8":{"name":"(anonymous_8)","decl":{"start":{"line":65,"column":44},"end":{"line":65,"column":45}},"loc":{"start":{"line":65,"column":56},"end":{"line":91,"column":5}},"line":65},"9":{"name":"(anonymous_9)","decl":{"start":{"line":67,"column":23},"end":{"line":67,"column":24}},"loc":{"start":{"line":67,"column":32},"end":{"line":67,"column":60}},"line":67},"10":{"name":"(anonymous_10)","decl":{"start":{"line":68,"column":22},"end":{"line":68,"column":23}},"loc":{"start":{"line":68,"column":31},"end":{"line":68,"column":59}},"line":68},"11":{"name":"(anonymous_11)","decl":{"start":{"line":87,"column":22},"end":{"line":87,"column":23}},"loc":{"start":{"line":87,"column":31},"end":{"line":87,"column":81}},"line":87},"12":{"name":"(anonymous_12)","decl":{"start":{"line":89,"column":23},"end":{"line":89,"column":24}},"loc":{"start":{"line":89,"column":32},"end":{"line":89,"column":61}},"line":89},"13":{"name":"(anonymous_13)","decl":{"start":{"line":95,"column":14},"end":{"line":95,"column":15}},"loc":{"start":{"line":95,"column":20},"end":{"line":99,"column":5}},"line":95},"14":{"name":"(anonymous_14)","decl":{"start":{"line":101,"column":14},"end":{"line":101,"column":15}},"loc":{"start":{"line":101,"column":20},"end":{"line":213,"column":5}},"line":101},"15":{"name":"(anonymous_15)","decl":{"start":{"line":107,"column":33},"end":{"line":107,"column":34}},"loc":{"start":{"line":107,"column":39},"end":{"line":198,"column":9}},"line":107},"16":{"name":"(anonymous_16)","decl":{"start":{"line":114,"column":28},"end":{"line":114,"column":29}},"loc":{"start":{"line":114,"column":34},"end":{"line":128,"column":13}},"line":114},"17":{"name":"(anonymous_17)","decl":{"start":{"line":130,"column":41},"end":{"line":130,"column":42}},"loc":{"start":{"line":130,"column":51},"end":{"line":136,"column":13}},"line":130},"18":{"name":"(anonymous_18)","decl":{"start":{"line":138,"column":31},"end":{"line":138,"column":32}},"loc":{"start":{"line":138,"column":42},"end":{"line":175,"column":13}},"line":138},"19":{"name":"(anonymous_19)","decl":{"start":{"line":156,"column":37},"end":{"line":156,"column":38}},"loc":{"start":{"line":156,"column":45},"end":{"line":163,"column":25}},"line":156},"20":{"name":"(anonymous_20)","decl":{"start":{"line":177,"column":29},"end":{"line":177,"column":30}},"loc":{"start":{"line":177,"column":40},"end":{"line":180,"column":13}},"line":177},"21":{"name":"(anonymous_21)","decl":{"start":{"line":182,"column":29},"end":{"line":182,"column":30}},"loc":{"start":{"line":182,"column":40},"end":{"line":197,"column":13}},"line":182},"22":{"name":"(anonymous_22)","decl":{"start":{"line":190,"column":50},"end":{"line":190,"column":51}},"loc":{"start":{"line":190,"column":56},"end":{"line":193,"column":21}},"line":190},"23":{"name":"(anonymous_23)","decl":{"start":{"line":204,"column":15},"end":{"line":204,"column":16}},"loc":{"start":{"line":204,"column":21},"end":{"line":212,"column":9}},"line":204},"24":{"name":"(anonymous_24)","decl":{"start":{"line":216,"column":14},"end":{"line":216,"column":15}},"loc":{"start":{"line":216,"column":20},"end":{"line":234,"column":5}},"line":216},"25":{"name":"(anonymous_25)","decl":{"start":{"line":219,"column":12},"end":{"line":219,"column":13}},"loc":{"start":{"line":219,"column":24},"end":{"line":224,"column":13}},"line":219},"26":{"name":"(anonymous_26)","decl":{"start":{"line":225,"column":12},"end":{"line":225,"column":13}},"loc":{"start":{"line":225,"column":23},"end":{"line":227,"column":13}},"line":225},"27":{"name":"(anonymous_27)","decl":{"start":{"line":231,"column":15},"end":{"line":231,"column":16}},"loc":{"start":{"line":231,"column":21},"end":{"line":233,"column":9}},"line":231},"28":{"name":"(anonymous_28)","decl":{"start":{"line":236,"column":33},"end":{"line":236,"column":34}},"loc":{"start":{"line":236,"column":51},"end":{"line":247,"column":5}},"line":236},"29":{"name":"(anonymous_29)","decl":{"start":{"line":249,"column":27},"end":{"line":249,"column":28}},"loc":{"start":{"line":249,"column":45},"end":{"line":251,"column":5}},"line":249},"30":{"name":"(anonymous_30)","decl":{"start":{"line":253,"column":32},"end":{"line":253,"column":33}},"loc":{"start":{"line":253,"column":50},"end":{"line":255,"column":5}},"line":253},"31":{"name":"(anonymous_31)","decl":{"start":{"line":257,"column":28},"end":{"line":257,"column":29}},"loc":{"start":{"line":257,"column":54},"end":{"line":297,"column":5}},"line":257},"32":{"name":"(anonymous_32)","decl":{"start":{"line":259,"column":23},"end":{"line":259,"column":24}},"loc":{"start":{"line":259,"column":32},"end":{"line":259,"column":74}},"line":259},"33":{"name":"(anonymous_33)","decl":{"start":{"line":260,"column":22},"end":{"line":260,"column":23}},"loc":{"start":{"line":260,"column":31},"end":{"line":260,"column":73}},"line":260},"34":{"name":"(anonymous_34)","decl":{"start":{"line":281,"column":29},"end":{"line":281,"column":30}},"loc":{"start":{"line":281,"column":37},"end":{"line":285,"column":17}},"line":281},"35":{"name":"(anonymous_35)","decl":{"start":{"line":292,"column":22},"end":{"line":292,"column":23}},"loc":{"start":{"line":292,"column":31},"end":{"line":292,"column":81}},"line":292},"36":{"name":"(anonymous_36)","decl":{"start":{"line":295,"column":23},"end":{"line":295,"column":24}},"loc":{"start":{"line":295,"column":32},"end":{"line":295,"column":75}},"line":295},"37":{"name":"(anonymous_37)","decl":{"start":{"line":300,"column":26},"end":{"line":300,"column":27}},"loc":{"start":{"line":300,"column":56},"end":{"line":306,"column":5}},"line":300},"38":{"name":"(anonymous_38)","decl":{"start":{"line":301,"column":23},"end":{"line":301,"column":24}},"loc":{"start":{"line":301,"column":31},"end":{"line":305,"column":9}},"line":301},"39":{"name":"(anonymous_39)","decl":{"start":{"line":309,"column":29},"end":{"line":309,"column":30}},"loc":{"start":{"line":309,"column":41},"end":{"line":315,"column":5}},"line":309},"40":{"name":"(anonymous_40)","decl":{"start":{"line":310,"column":23},"end":{"line":310,"column":24}},"loc":{"start":{"line":310,"column":31},"end":{"line":314,"column":9}},"line":310},"41":{"name":"(anonymous_41)","decl":{"start":{"line":318,"column":28},"end":{"line":318,"column":29}},"loc":{"start":{"line":318,"column":56},"end":{"line":328,"column":5}},"line":318},"42":{"name":"(anonymous_42)","decl":{"start":{"line":319,"column":25},"end":{"line":319,"column":26}},"loc":{"start":{"line":319,"column":33},"end":{"line":327,"column":22}},"line":319},"43":{"name":"(anonymous_43)","decl":{"start":{"line":331,"column":30},"end":{"line":331,"column":31}},"loc":{"start":{"line":331,"column":38},"end":{"line":333,"column":5}},"line":331},"44":{"name":"(anonymous_44)","decl":{"start":{"line":332,"column":25},"end":{"line":332,"column":26}},"loc":{"start":{"line":332,"column":33},"end":{"line":332,"column":62}},"line":332},"45":{"name":"(anonymous_45)","decl":{"start":{"line":332,"column":45},"end":{"line":332,"column":46}},"loc":{"start":{"line":332,"column":50},"end":{"line":332,"column":61}},"line":332},"46":{"name":"(anonymous_46)","decl":{"start":{"line":336,"column":34},"end":{"line":336,"column":35}},"loc":{"start":{"line":336,"column":40},"end":{"line":338,"column":5}},"line":336},"47":{"name":"(anonymous_47)","decl":{"start":{"line":341,"column":30},"end":{"line":341,"column":31}},"loc":{"start":{"line":341,"column":63},"end":{"line":362,"column":5}},"line":341},"48":{"name":"(anonymous_48)","decl":{"start":{"line":343,"column":23},"end":{"line":343,"column":24}},"loc":{"start":{"line":343,"column":32},"end":{"line":343,"column":72}},"line":343},"49":{"name":"(anonymous_49)","decl":{"start":{"line":344,"column":22},"end":{"line":344,"column":23}},"loc":{"start":{"line":344,"column":31},"end":{"line":344,"column":71}},"line":344},"50":{"name":"(anonymous_50)","decl":{"start":{"line":357,"column":22},"end":{"line":357,"column":23}},"loc":{"start":{"line":357,"column":31},"end":{"line":357,"column":79}},"line":357},"51":{"name":"(anonymous_51)","decl":{"start":{"line":360,"column":23},"end":{"line":360,"column":24}},"loc":{"start":{"line":360,"column":32},"end":{"line":360,"column":73}},"line":360},"52":{"name":"(anonymous_52)","decl":{"start":{"line":365,"column":14},"end":{"line":365,"column":15}},"loc":{"start":{"line":365,"column":20},"end":{"line":387,"column":5}},"line":365}},"branchMap":{"0":{"loc":{"start":{"line":44,"column":33},"end":{"line":44,"column":92}},"type":"binary-expr","locations":[{"start":{"line":44,"column":33},"end":{"line":44,"column":60}},{"start":{"line":44,"column":64},"end":{"line":44,"column":92}}],"line":44},"1":{"loc":{"start":{"line":96,"column":8},"end":{"line":98,"column":9}},"type":"if","locations":[{"start":{"line":96,"column":8},"end":{"line":98,"column":9}},{"start":{},"end":{}}],"line":96},"2":{"loc":{"start":{"line":108,"column":12},"end":{"line":108,"column":37}},"type":"if","locations":[{"start":{"line":108,"column":12},"end":{"line":108,"column":37}},{"start":{},"end":{}}],"line":108},"3":{"loc":{"start":{"line":121,"column":16},"end":{"line":127,"column":17}},"type":"if","locations":[{"start":{"line":121,"column":16},"end":{"line":127,"column":17}},{"start":{},"end":{}}],"line":121},"4":{"loc":{"start":{"line":131,"column":16},"end":{"line":131,"column":70}},"type":"if","locations":[{"start":{"line":131,"column":16},"end":{"line":131,"column":70}},{"start":{},"end":{}}],"line":131},"5":{"loc":{"start":{"line":131,"column":20},"end":{"line":131,"column":55}},"type":"binary-expr","locations":[{"start":{"line":131,"column":20},"end":{"line":131,"column":30}},{"start":{"line":131,"column":34},"end":{"line":131,"column":55}}],"line":131},"6":{"loc":{"start":{"line":132,"column":16},"end":{"line":132,"column":82}},"type":"if","locations":[{"start":{"line":132,"column":16},"end":{"line":132,"column":82}},{"start":{},"end":{}}],"line":132},"7":{"loc":{"start":{"line":132,"column":20},"end":{"line":132,"column":67}},"type":"binary-expr","locations":[{"start":{"line":132,"column":20},"end":{"line":132,"column":32}},{"start":{"line":132,"column":36},"end":{"line":132,"column":67}}],"line":132},"8":{"loc":{"start":{"line":133,"column":16},"end":{"line":133,"column":80}},"type":"if","locations":[{"start":{"line":133,"column":16},"end":{"line":133,"column":80}},{"start":{},"end":{}}],"line":133},"9":{"loc":{"start":{"line":133,"column":20},"end":{"line":133,"column":65}},"type":"binary-expr","locations":[{"start":{"line":133,"column":20},"end":{"line":133,"column":31}},{"start":{"line":133,"column":35},"end":{"line":133,"column":65}}],"line":133},"10":{"loc":{"start":{"line":134,"column":16},"end":{"line":134,"column":81}},"type":"if","locations":[{"start":{"line":134,"column":16},"end":{"line":134,"column":81}},{"start":{},"end":{}}],"line":134},"11":{"loc":{"start":{"line":134,"column":20},"end":{"line":134,"column":66}},"type":"binary-expr","locations":[{"start":{"line":134,"column":20},"end":{"line":134,"column":35}},{"start":{"line":134,"column":39},"end":{"line":134,"column":66}}],"line":134},"12":{"loc":{"start":{"line":140,"column":20},"end":{"line":142,"column":21}},"type":"if","locations":[{"start":{"line":140,"column":20},"end":{"line":142,"column":21}},{"start":{},"end":{}}],"line":140},"13":{"loc":{"start":{"line":147,"column":20},"end":{"line":149,"column":21}},"type":"if","locations":[{"start":{"line":147,"column":20},"end":{"line":149,"column":21}},{"start":{},"end":{}}],"line":147},"14":{"loc":{"start":{"line":147,"column":24},"end":{"line":147,"column":57}},"type":"binary-expr","locations":[{"start":{"line":147,"column":24},"end":{"line":147,"column":29}},{"start":{"line":147,"column":33},"end":{"line":147,"column":57}}],"line":147},"15":{"loc":{"start":{"line":151,"column":20},"end":{"line":171,"column":21}},"type":"if","locations":[{"start":{"line":151,"column":20},"end":{"line":171,"column":21}},{"start":{"line":164,"column":27},"end":{"line":171,"column":21}}],"line":151},"16":{"loc":{"start":{"line":152,"column":24},"end":{"line":154,"column":25}},"type":"if","locations":[{"start":{"line":152,"column":24},"end":{"line":154,"column":25}},{"start":{},"end":{}}],"line":152},"17":{"loc":{"start":{"line":164,"column":27},"end":{"line":171,"column":21}},"type":"if","locations":[{"start":{"line":164,"column":27},"end":{"line":171,"column":21}},{"start":{"line":169,"column":27},"end":{"line":171,"column":21}}],"line":164},"18":{"loc":{"start":{"line":165,"column":24},"end":{"line":167,"column":25}},"type":"if","locations":[{"start":{"line":165,"column":24},"end":{"line":167,"column":25}},{"start":{},"end":{}}],"line":165},"19":{"loc":{"start":{"line":165,"column":28},"end":{"line":165,"column":77}},"type":"binary-expr","locations":[{"start":{"line":165,"column":28},"end":{"line":165,"column":41}},{"start":{"line":165,"column":45},"end":{"line":165,"column":77}}],"line":165},"20":{"loc":{"start":{"line":187,"column":16},"end":{"line":196,"column":17}},"type":"if","locations":[{"start":{"line":187,"column":16},"end":{"line":196,"column":17}},{"start":{"line":194,"column":23},"end":{"line":196,"column":17}}],"line":187},"21":{"loc":{"start":{"line":200,"column":8},"end":{"line":202,"column":9}},"type":"if","locations":[{"start":{"line":200,"column":8},"end":{"line":202,"column":9}},{"start":{},"end":{}}],"line":200},"22":{"loc":{"start":{"line":200,"column":12},"end":{"line":200,"column":24}},"type":"binary-expr","locations":[{"start":{"line":200,"column":12},"end":{"line":200,"column":15}},{"start":{"line":200,"column":19},"end":{"line":200,"column":24}}],"line":200},"23":{"loc":{"start":{"line":206,"column":12},"end":{"line":208,"column":13}},"type":"if","locations":[{"start":{"line":206,"column":12},"end":{"line":208,"column":13}},{"start":{},"end":{}}],"line":206},"24":{"loc":{"start":{"line":209,"column":12},"end":{"line":211,"column":13}},"type":"if","locations":[{"start":{"line":209,"column":12},"end":{"line":211,"column":13}},{"start":{},"end":{}}],"line":209},"25":{"loc":{"start":{"line":220,"column":16},"end":{"line":222,"column":17}},"type":"if","locations":[{"start":{"line":220,"column":16},"end":{"line":222,"column":17}},{"start":{},"end":{}}],"line":220},"26":{"loc":{"start":{"line":274,"column":12},"end":{"line":287,"column":13}},"type":"if","locations":[{"start":{"line":274,"column":12},"end":{"line":287,"column":13}},{"start":{"line":278,"column":19},"end":{"line":287,"column":13}}],"line":274},"27":{"loc":{"start":{"line":291,"column":33},"end":{"line":291,"column":92}},"type":"binary-expr","locations":[{"start":{"line":291,"column":33},"end":{"line":291,"column":60}},{"start":{"line":291,"column":64},"end":{"line":291,"column":92}}],"line":291},"28":{"loc":{"start":{"line":318,"column":38},"end":{"line":318,"column":51}},"type":"default-arg","locations":[{"start":{"line":318,"column":45},"end":{"line":318,"column":51}}],"line":318},"29":{"loc":{"start":{"line":341,"column":45},"end":{"line":341,"column":58}},"type":"default-arg","locations":[{"start":{"line":341,"column":54},"end":{"line":341,"column":58}}],"line":341},"30":{"loc":{"start":{"line":356,"column":33},"end":{"line":356,"column":97}},"type":"binary-expr","locations":[{"start":{"line":356,"column":33},"end":{"line":356,"column":60}},{"start":{"line":356,"column":64},"end":{"line":356,"column":97}}],"line":356},"31":{"loc":{"start":{"line":368,"column":12},"end":{"line":385,"column":13}},"type":"if","locations":[{"start":{"line":368,"column":12},"end":{"line":385,"column":13}},{"start":{},"end":{}}],"line":368},"32":{"loc":{"start":{"line":372,"column":16},"end":{"line":384,"column":17}},"type":"if","locations":[{"start":{"line":372,"column":16},"end":{"line":384,"column":17}},{"start":{"line":378,"column":23},"end":{"line":384,"column":17}}],"line":372},"33":{"loc":{"start":{"line":372,"column":20},"end":{"line":372,"column":70}},"type":"binary-expr","locations":[{"start":{"line":372,"column":20},"end":{"line":372,"column":41}},{"start":{"line":372,"column":45},"end":{"line":372,"column":70}}],"line":372},"34":{"loc":{"start":{"line":378,"column":23},"end":{"line":384,"column":17}},"type":"if","locations":[{"start":{"line":378,"column":23},"end":{"line":384,"column":17}},{"start":{},"end":{}}],"line":378},"35":{"loc":{"start":{"line":378,"column":27},"end":{"line":378,"column":77}},"type":"binary-expr","locations":[{"start":{"line":378,"column":27},"end":{"line":378,"column":48}},{"start":{"line":378,"column":52},"end":{"line":378,"column":77}}],"line":378}},"s":{"0":1,"1":1,"2":27,"3":1,"4":27,"5":27,"6":27,"7":27,"8":27,"9":27,"10":27,"11":27,"12":27,"13":4,"14":4,"15":4,"16":4,"17":4,"18":4,"19":3,"20":3,"21":3,"22":3,"23":1,"24":1,"25":1,"26":1,"27":4,"28":4,"29":27,"30":4,"31":4,"32":1,"33":27,"34":0,"35":0,"36":0,"37":0,"38":0,"39":0,"40":0,"41":0,"42":0,"43":0,"44":0,"45":0,"46":0,"47":0,"48":0,"49":27,"50":11,"51":0,"52":27,"53":11,"54":11,"55":11,"56":11,"57":0,"58":0,"59":0,"60":0,"61":0,"62":0,"63":0,"64":0,"65":0,"66":0,"67":0,"68":0,"69":0,"70":0,"71":0,"72":0,"73":0,"74":0,"75":0,"76":0,"77":0,"78":0,"79":0,"80":0,"81":0,"82":0,"83":0,"84":0,"85":0,"86":0,"87":0,"88":0,"89":0,"90":0,"91":0,"92":0,"93":0,"94":0,"95":0,"96":0,"97":0,"98":0,"99":0,"100":0,"101":0,"102":0,"103":0,"104":0,"105":0,"106":0,"107":0,"108":0,"109":0,"110":0,"111":0,"112":0,"113":0,"114":11,"115":0,"116":11,"117":11,"118":11,"119":0,"120":11,"121":0,"122":27,"123":11,"124":0,"125":0,"126":0,"127":0,"128":11,"129":11,"130":27,"131":2,"132":2,"133":1,"134":27,"135":0,"136":27,"137":0,"138":27,"139":5,"140":5,"141":5,"142":5,"143":5,"144":5,"145":4,"146":4,"147":3,"148":3,"149":1,"150":1,"151":1,"152":1,"153":1,"154":4,"155":1,"156":1,"157":1,"158":1,"159":5,"160":5,"161":27,"162":0,"163":0,"164":0,"165":0,"166":27,"167":0,"168":0,"169":0,"170":0,"171":27,"172":0,"173":0,"174":27,"175":0,"176":0,"177":0,"178":27,"179":0,"180":27,"181":0,"182":0,"183":0,"184":0,"185":0,"186":0,"187":0,"188":0,"189":0,"190":0,"191":0,"192":0,"193":0,"194":27,"195":14,"196":2,"197":2,"198":0,"199":0,"200":0,"201":0,"202":0,"203":0,"204":0,"205":0,"206":27,"207":27},"f":{"0":27,"1":27,"2":4,"3":4,"4":4,"5":1,"6":4,"7":4,"8":0,"9":0,"10":0,"11":0,"12":0,"13":11,"14":11,"15":0,"16":0,"17":0,"18":0,"19":0,"20":0,"21":0,"22":0,"23":11,"24":11,"25":0,"26":0,"27":11,"28":2,"29":0,"30":0,"31":5,"32":5,"33":5,"34":1,"35":1,"36":5,"37":0,"38":0,"39":0,"40":0,"41":0,"42":0,"43":0,"44":0,"45":0,"46":0,"47":0,"48":0,"49":0,"50":0,"51":0,"52":14},"b":{"0":[1,1],"1":[0,11],"2":[0,0],"3":[0,0],"4":[0,0],"5":[0,0],"6":[0,0],"7":[0,0],"8":[0,0],"9":[0,0],"10":[0,0],"11":[0,0],"12":[0,0],"13":[0,0],"14":[0,0],"15":[0,0],"16":[0,0],"17":[0,0],"18":[0,0],"19":[0,0],"20":[0,0],"21":[0,11],"22":[11,11],"23":[0,11],"24":[0,11],"25":[0,0],"26":[3,1],"27":[1,1],"28":[0],"29":[0],"30":[0,0],"31":[0,2],"32":[0,0],"33":[0,0],"34":[0,0],"35":[0,0]},"_coverageSchema":"1a1c01bbd47fc00a2c39e90264f33305004495a9","hash":"27b532ed1e6ac1f68d41e7b8f75e8d086c0bdc6d"}
,"/Users/satwikpattanaik/CascadeProjects/stock-market-platform/frontend/src/utils/test-utils.js": {"path":"/Users/satwikpattanaik/CascadeProjects/stock-market-platform/frontend/src/utils/test-utils.js","statementMap":{"0":{"start":{"line":6,"column":24},"end":{"line":14,"column":1}},"1":{"start":{"line":7,"column":2},"end":{"line":13,"column":4}},"2":{"start":{"line":16,"column":21},"end":{"line":17,"column":54}},"3":{"start":{"line":17,"column":2},"end":{"line":17,"column":54}}},"fnMap":{"0":{"name":"(anonymous_0)","decl":{"start":{"line":6,"column":24},"end":{"line":6,"column":25}},"loc":{"start":{"line":6,"column":42},"end":{"line":14,"column":1}},"line":6},"1":{"name":"(anonymous_1)","decl":{"start":{"line":16,"column":21},"end":{"line":16,"column":22}},"loc":{"start":{"line":17,"column":2},"end":{"line":17,"column":54}},"line":17}},"branchMap":{},"s":{"0":0,"1":0,"2":0,"3":0},"f":{"0":0,"1":0},"b":{}}
}
