TN:
SF:src/contexts/AuthContext.js
FN:16,(anonymous_0)
FN:25,(anonymous_1)
FN:33,(anonymous_2)
FN:34,(anonymous_3)
FN:42,(anonymous_4)
FN:47,(anonymous_5)
FN:48,(anonymous_6)
FN:76,(anonymous_7)
FN:98,(anonymous_8)
FN:124,(anonymous_9)
FN:130,(anonymous_10)
FN:136,(anonymous_11)
FN:164,(anonymous_12)
FNF:13
FNH:3
FNDA:0,(anonymous_0)
FNDA:0,(anonymous_1)
FNDA:0,(anonymous_2)
FNDA:0,(anonymous_3)
FNDA:22,(anonymous_4)
FNDA:11,(anonymous_5)
FNDA:0,(anonymous_6)
FNDA:0,(anonymous_7)
FNDA:0,(anonymous_8)
FNDA:0,(anonymous_9)
FNDA:0,(anonymous_10)
FNDA:0,(anonymous_11)
FNDA:27,(anonymous_12)
DA:6,1
DA:15,1
DA:17,0
DA:23,0
DA:26,0
DA:27,0
DA:32,1
DA:33,0
DA:35,0
DA:36,0
DA:40,1
DA:42,1
DA:43,22
DA:44,22
DA:45,22
DA:47,22
DA:48,11
DA:49,0
DA:50,0
DA:56,0
DA:58,0
DA:59,0
DA:60,0
DA:61,0
DA:62,0
DA:64,0
DA:68,11
DA:69,0
DA:70,0
DA:72,11
DA:76,22
DA:77,0
DA:78,0
DA:79,0
DA:81,0
DA:82,0
DA:84,0
DA:85,0
DA:86,0
DA:88,0
DA:90,0
DA:91,0
DA:98,22
DA:99,0
DA:100,0
DA:106,0
DA:107,0
DA:108,0
DA:111,0
DA:112,0
DA:113,0
DA:114,0
DA:116,0
DA:117,0
DA:124,22
DA:125,0
DA:126,0
DA:127,0
DA:130,22
DA:131,0
DA:132,0
DA:136,0
DA:140,0
DA:142,0
DA:149,22
DA:164,1
DA:165,27
DA:166,27
DA:167,0
DA:169,27
LF:70
LH:21
BRDA:68,0,0,0
BRDA:68,0,1,11
BRDA:90,1,0,0
BRDA:90,1,1,0
BRDA:93,2,0,0
BRDA:93,2,1,0
BRDA:107,3,0,0
BRDA:107,3,1,0
BRDA:119,4,0,0
BRDA:119,4,1,0
BRDA:119,4,2,0
BRDA:144,5,0,0
BRDA:144,5,1,0
BRDA:166,6,0,0
BRDA:166,6,1,27
BRF:15
BRH:2
end_of_record
TN:
SF:src/contexts/StockContext.js
FN:8,(anonymous_0)
FN:12,(anonymous_1)
FN:22,(anonymous_2)
FN:24,(anonymous_3)
FN:25,(anonymous_4)
FN:45,(anonymous_5)
FN:48,(anonymous_6)
FN:52,(anonymous_7)
FN:65,(anonymous_8)
FN:67,(anonymous_9)
FN:68,(anonymous_10)
FN:87,(anonymous_11)
FN:89,(anonymous_12)
FN:95,(anonymous_13)
FN:101,(anonymous_14)
FN:107,(anonymous_15)
FN:114,(anonymous_16)
FN:130,(anonymous_17)
FN:138,(anonymous_18)
FN:156,(anonymous_19)
FN:177,(anonymous_20)
FN:182,(anonymous_21)
FN:190,(anonymous_22)
FN:204,(anonymous_23)
FN:216,(anonymous_24)
FN:219,(anonymous_25)
FN:225,(anonymous_26)
FN:231,(anonymous_27)
FN:236,(anonymous_28)
FN:249,(anonymous_29)
FN:253,(anonymous_30)
FN:257,(anonymous_31)
FN:259,(anonymous_32)
FN:260,(anonymous_33)
FN:281,(anonymous_34)
FN:292,(anonymous_35)
FN:295,(anonymous_36)
FN:300,(anonymous_37)
FN:301,(anonymous_38)
FN:309,(anonymous_39)
FN:310,(anonymous_40)
FN:318,(anonymous_41)
FN:319,(anonymous_42)
FN:331,(anonymous_43)
FN:332,(anonymous_44)
FN:332,(anonymous_45)
FN:336,(anonymous_46)
FN:341,(anonymous_47)
FN:343,(anonymous_48)
FN:344,(anonymous_49)
FN:357,(anonymous_50)
FN:360,(anonymous_51)
FN:365,(anonymous_52)
FNF:53
FNH:21
FNDA:27,(anonymous_0)
FNDA:27,(anonymous_1)
FNDA:4,(anonymous_2)
FNDA:4,(anonymous_3)
FNDA:4,(anonymous_4)
FNDA:1,(anonymous_5)
FNDA:4,(anonymous_6)
FNDA:4,(anonymous_7)
FNDA:0,(anonymous_8)
FNDA:0,(anonymous_9)
FNDA:0,(anonymous_10)
FNDA:0,(anonymous_11)
FNDA:0,(anonymous_12)
FNDA:11,(anonymous_13)
FNDA:11,(anonymous_14)
FNDA:0,(anonymous_15)
FNDA:0,(anonymous_16)
FNDA:0,(anonymous_17)
FNDA:0,(anonymous_18)
FNDA:0,(anonymous_19)
FNDA:0,(anonymous_20)
FNDA:0,(anonymous_21)
FNDA:0,(anonymous_22)
FNDA:11,(anonymous_23)
FNDA:11,(anonymous_24)
FNDA:0,(anonymous_25)
FNDA:0,(anonymous_26)
FNDA:11,(anonymous_27)
FNDA:2,(anonymous_28)
FNDA:0,(anonymous_29)
FNDA:0,(anonymous_30)
FNDA:5,(anonymous_31)
FNDA:5,(anonymous_32)
FNDA:5,(anonymous_33)
FNDA:1,(anonymous_34)
FNDA:1,(anonymous_35)
FNDA:5,(anonymous_36)
FNDA:0,(anonymous_37)
FNDA:0,(anonymous_38)
FNDA:0,(anonymous_39)
FNDA:0,(anonymous_40)
FNDA:0,(anonymous_41)
FNDA:0,(anonymous_42)
FNDA:0,(anonymous_43)
FNDA:0,(anonymous_44)
FNDA:0,(anonymous_45)
FNDA:0,(anonymous_46)
FNDA:0,(anonymous_47)
FNDA:0,(anonymous_48)
FNDA:0,(anonymous_49)
FNDA:0,(anonymous_50)
FNDA:0,(anonymous_51)
FNDA:14,(anonymous_52)
DA:6,1
DA:8,1
DA:9,27
DA:12,1
DA:13,27
DA:14,27
DA:15,27
DA:16,27
DA:17,27
DA:18,27
DA:19,27
DA:20,27
DA:22,27
DA:23,4
DA:24,4
DA:25,4
DA:27,4
DA:34,3
DA:35,3
DA:39,3
DA:42,3
DA:44,1
DA:45,1
DA:46,1
DA:48,4
DA:52,27
DA:53,4
DA:54,4
DA:61,1
DA:65,27
DA:66,0
DA:67,0
DA:68,0
DA:70,0
DA:77,0
DA:81,0
DA:82,0
DA:83,0
DA:86,0
DA:87,0
DA:89,0
DA:95,27
DA:96,11
DA:97,0
DA:101,27
DA:102,11
DA:103,11
DA:105,11
DA:107,11
DA:108,0
DA:109,0
DA:111,0
DA:112,0
DA:114,0
DA:115,0
DA:116,0
DA:117,0
DA:118,0
DA:121,0
DA:122,0
DA:130,0
DA:131,0
DA:132,0
DA:133,0
DA:134,0
DA:135,0
DA:138,0
DA:139,0
DA:140,0
DA:141,0
DA:144,0
DA:145,0
DA:147,0
DA:148,0
DA:151,0
DA:152,0
DA:153,0
DA:156,0
DA:157,0
DA:158,0
DA:162,0
DA:164,0
DA:165,0
DA:166,0
DA:168,0
DA:170,0
DA:173,0
DA:177,0
DA:178,0
DA:179,0
DA:182,0
DA:183,0
DA:184,0
DA:185,0
DA:187,0
DA:188,0
DA:189,0
DA:190,0
DA:191,0
DA:192,0
DA:195,0
DA:200,11
DA:201,0
DA:204,11
DA:205,11
DA:206,11
DA:207,0
DA:209,11
DA:210,0
DA:216,27
DA:218,11
DA:220,0
DA:221,0
DA:223,0
DA:226,0
DA:231,11
DA:232,11
DA:236,27
DA:237,2
DA:238,2
DA:245,1
DA:249,27
DA:250,0
DA:253,27
DA:254,0
DA:257,27
DA:258,5
DA:259,5
DA:260,5
DA:262,5
DA:272,4
DA:274,4
DA:275,3
DA:277,3
DA:279,1
DA:281,1
DA:282,1
DA:283,1
DA:284,1
DA:289,4
DA:291,1
DA:292,1
DA:293,1
DA:295,5
DA:300,27
DA:301,0
DA:302,0
DA:303,0
DA:304,0
DA:309,27
DA:310,0
DA:311,0
DA:312,0
DA:313,0
DA:318,27
DA:319,0
DA:331,27
DA:332,0
DA:336,27
DA:337,0
DA:341,27
DA:342,0
DA:343,0
DA:344,0
DA:346,0
DA:354,0
DA:356,0
DA:357,0
DA:358,0
DA:360,0
DA:365,27
DA:366,14
DA:367,2
DA:368,2
DA:369,0
DA:370,0
DA:372,0
DA:373,0
DA:377,0
DA:378,0
DA:379,0
DA:383,0
DA:389,27
DA:411,27
LF:184
LH:83
BRDA:44,0,0,1
BRDA:44,0,1,1
BRDA:96,1,0,0
BRDA:96,1,1,11
BRDA:108,2,0,0
BRDA:108,2,1,0
BRDA:121,3,0,0
BRDA:121,3,1,0
BRDA:131,4,0,0
BRDA:131,4,1,0
BRDA:131,5,0,0
BRDA:131,5,1,0
BRDA:132,6,0,0
BRDA:132,6,1,0
BRDA:132,7,0,0
BRDA:132,7,1,0
BRDA:133,8,0,0
BRDA:133,8,1,0
BRDA:133,9,0,0
BRDA:133,9,1,0
BRDA:134,10,0,0
BRDA:134,10,1,0
BRDA:134,11,0,0
BRDA:134,11,1,0
BRDA:140,12,0,0
BRDA:140,12,1,0
BRDA:147,13,0,0
BRDA:147,13,1,0
BRDA:147,14,0,0
BRDA:147,14,1,0
BRDA:151,15,0,0
BRDA:151,15,1,0
BRDA:152,16,0,0
BRDA:152,16,1,0
BRDA:164,17,0,0
BRDA:164,17,1,0
BRDA:165,18,0,0
BRDA:165,18,1,0
BRDA:165,19,0,0
BRDA:165,19,1,0
BRDA:187,20,0,0
BRDA:187,20,1,0
BRDA:200,21,0,0
BRDA:200,21,1,11
BRDA:200,22,0,11
BRDA:200,22,1,11
BRDA:206,23,0,0
BRDA:206,23,1,11
BRDA:209,24,0,0
BRDA:209,24,1,11
BRDA:220,25,0,0
BRDA:220,25,1,0
BRDA:274,26,0,3
BRDA:274,26,1,1
BRDA:291,27,0,1
BRDA:291,27,1,1
BRDA:318,28,0,0
BRDA:341,29,0,0
BRDA:356,30,0,0
BRDA:356,30,1,0
BRDA:368,31,0,0
BRDA:368,31,1,2
BRDA:372,32,0,0
BRDA:372,32,1,0
BRDA:372,33,0,0
BRDA:372,33,1,0
BRDA:378,34,0,0
BRDA:378,34,1,0
BRDA:378,35,0,0
BRDA:378,35,1,0
BRF:70
BRH:13
end_of_record
TN:
SF:src/utils/test-utils.js
FN:6,(anonymous_0)
FN:16,(anonymous_1)
FNF:2
FNH:0
FNDA:0,(anonymous_0)
FNDA:0,(anonymous_1)
DA:6,0
DA:7,0
DA:16,0
DA:17,0
LF:4
LH:0
BRF:0
BRH:0
end_of_record
